{
  "RSpec": {
    "coverage": {
      "/Users/JiveTurkey/turing/4module/projects/sw/sweater_weather/app/services/flickr_service.rb": [
        1,
        1,
        2,
        null,
        null,
        1,
        null,
        100,
        2,
        null,
        null,
        1,
        1,
        2,
        null,
        null,
        1,
        null,
        null,
        null,
        null,
        null,
        null,
        null,
        null,
        null,
        null,
        null,
        null,
        null,
        2,
        null,
        null,
        1,
        2,
        null,
        null,
        1,
        2,
        null,
        null
      ],
      "/Users/JiveTurkey/turing/4module/projects/sw/sweater_weather/app/services/google_geocoder_service.rb": [
        1,
        1,
        4,
        4,
        4,
        null,
        null,
        1,
        4,
        4,
        null,
        null,
        1,
        2,
        null,
        null,
        1,
        2,
        null,
        null,
        1,
        2,
        null,
        null,
        1,
        1,
        null,
        1,
        6,
        16,
        null,
        null,
        null,
        1,
        6,
        null,
        null,
        1,
        10,
        null,
        null,
        1,
        10,
        null,
        null,
        1,
        null,
        null,
        10,
        null,
        null,
        1,
        10,
        null,
        null,
        1,
        10,
        null,
        null
      ],
      "/Users/JiveTurkey/turing/4module/projects/sw/sweater_weather/app/controllers/api/v1/background_controller.rb": [
        1,
        1,
        1,
        null,
        null,
        1,
        1,
        1,
        null,
        null
      ],
      "/Users/JiveTurkey/turing/4module/projects/sw/sweater_weather/app/controllers/application_controller.rb": [
        1,
        null
      ],
      "/Users/JiveTurkey/turing/4module/projects/sw/sweater_weather/app/models/background.rb": [
        1,
        1,
        1,
        1,
        null,
        null,
        1,
        1,
        null,
        null,
        1,
        1,
        null,
        null,
        1,
        1,
        null,
        null,
        1,
        1,
        null,
        null,
        1,
        1,
        4,
        null,
        null,
        1,
        1,
        null,
        null
      ],
      "/Users/JiveTurkey/turing/4module/projects/sw/sweater_weather/app/serializers/background_serializer.rb": [
        1,
        1,
        null,
        null,
        null,
        null
      ],
      "/Users/JiveTurkey/turing/4module/projects/sw/sweater_weather/app/controllers/api/v1/forecast_controller.rb": [
        1,
        1,
        1,
        null,
        null,
        1,
        1,
        1,
        null,
        null
      ],
      "/Users/JiveTurkey/turing/4module/projects/sw/sweater_weather/app/models/forecast.rb": [
        1,
        1,
        1,
        1,
        null,
        null,
        1,
        1,
        null,
        null,
        1,
        1,
        null,
        null,
        1,
        1,
        null,
        null,
        1,
        1,
        null,
        null,
        1,
        1,
        null,
        null,
        1,
        1,
        null,
        null,
        1,
        1,
        4,
        null,
        null,
        1,
        3,
        null,
        null
      ],
      "/Users/JiveTurkey/turing/4module/projects/sw/sweater_weather/app/serializers/forecast_serializer.rb": [
        1,
        1,
        null,
        1,
        1,
        null,
        null,
        1,
        1,
        null,
        null,
        1,
        1,
        null,
        null
      ],
      "/Users/JiveTurkey/turing/4module/projects/sw/sweater_weather/app/serializers/current_forecast_serializer.rb": [
        1,
        1,
        null,
        null,
        null,
        null,
        null,
        null,
        null,
        null,
        null,
        null,
        null,
        null,
        1,
        1,
        null,
        null
      ],
      "/Users/JiveTurkey/turing/4module/projects/sw/sweater_weather/app/models/current_forecast.rb": [
        1,
        1,
        1,
        null,
        null,
        null,
        null,
        null,
        null,
        null,
        null,
        null,
        null,
        null,
        1,
        1,
        1,
        1,
        1,
        1,
        1,
        1,
        1,
        1,
        1,
        1,
        1,
        null,
        null,
        1,
        1,
        null
      ],
      "/Users/JiveTurkey/turing/4module/projects/sw/sweater_weather/app/services/darksky_service.rb": [
        1,
        1,
        1,
        null,
        null,
        1,
        3,
        null,
        null,
        1,
        1,
        3,
        null,
        null,
        1,
        3,
        null,
        null
      ],
      "/Users/JiveTurkey/turing/4module/projects/sw/sweater_weather/app/serializers/hourly_forecast_serializer.rb": [
        1,
        1,
        null,
        1,
        1,
        49,
        null,
        null,
        null
      ],
      "/Users/JiveTurkey/turing/4module/projects/sw/sweater_weather/app/models/hourly_forecast.rb": [
        1,
        1,
        1,
        null,
        1,
        1,
        1,
        1,
        null,
        null,
        1,
        50,
        null,
        null,
        1,
        1,
        null
      ],
      "/Users/JiveTurkey/turing/4module/projects/sw/sweater_weather/app/serializers/daily_forecast_serializer.rb": [
        1,
        1,
        null,
        1,
        1,
        8,
        null,
        null,
        null
      ],
      "/Users/JiveTurkey/turing/4module/projects/sw/sweater_weather/app/models/daily_forecast.rb": [
        1,
        1,
        1,
        null,
        1,
        1,
        1,
        1,
        null,
        null,
        1,
        9,
        null,
        null,
        1,
        1,
        null
      ],
      "/Users/JiveTurkey/turing/4module/projects/sw/sweater_weather/app/models/hour.rb": [
        1,
        1,
        1,
        null,
        null,
        null,
        null,
        null,
        null,
        null,
        null,
        null,
        null,
        null,
        null,
        1,
        49,
        49,
        49,
        49,
        49,
        49,
        49,
        49,
        49,
        49,
        49,
        49,
        49,
        null,
        null,
        1,
        1,
        null
      ],
      "/Users/JiveTurkey/turing/4module/projects/sw/sweater_weather/app/serializers/hour_serializer.rb": [
        1,
        1,
        null,
        null,
        null,
        null,
        null,
        null,
        null,
        null,
        null,
        null,
        null,
        null,
        1,
        49,
        null,
        null
      ],
      "/Users/JiveTurkey/turing/4module/projects/sw/sweater_weather/app/models/day.rb": [
        1,
        1,
        1,
        null,
        null,
        null,
        null,
        null,
        null,
        null,
        null,
        null,
        null,
        null,
        null,
        null,
        1,
        8,
        8,
        8,
        8,
        8,
        8,
        8,
        8,
        8,
        8,
        8,
        8,
        8,
        8,
        null,
        null,
        1,
        1,
        null
      ],
      "/Users/JiveTurkey/turing/4module/projects/sw/sweater_weather/app/serializers/day_serializer.rb": [
        1,
        1,
        null,
        null,
        null,
        null,
        null,
        null,
        null,
        null,
        null,
        null,
        null,
        null,
        null,
        1,
        8,
        null,
        null,
        1,
        8,
        null,
        null,
        1,
        8,
        null,
        null
      ],
      "/Users/JiveTurkey/turing/4module/projects/sw/sweater_weather/app/mailers/application_mailer.rb": [
        0,
        0,
        0,
        0
      ],
      "/Users/JiveTurkey/turing/4module/projects/sw/sweater_weather/app/models/application_record.rb": [
        0,
        0,
        0
      ],
      "/Users/JiveTurkey/turing/4module/projects/sw/sweater_weather/app/jobs/application_job.rb": [
        0,
        0
      ],
      "/Users/JiveTurkey/turing/4module/projects/sw/sweater_weather/app/channels/application_cable/connection.rb": [
        0,
        0,
        0,
        0
      ],
      "/Users/JiveTurkey/turing/4module/projects/sw/sweater_weather/app/channels/application_cable/channel.rb": [
        0,
        0,
        0,
        0
      ]
    },
    "timestamp": 1543782084
  }
}
