{
  "RSpec": {
    "coverage": {
      "/Users/JiveTurkey/turing/3module/projects/sweater_weather/app/services/google_geocoder_service.rb": [
        1,
        1,
        1,
        1,
        1,
        null,
        null,
        1,
        0,
        0,
        null,
        null,
        1,
        3,
        null,
        null,
        1,
        1,
        null,
        1,
        3,
        null,
        null,
        1,
        3,
        null,
        null,
        1,
        null,
        null,
        3,
        null,
        null,
        1,
        3,
        null,
        null,
        1,
        3,
        null,
        null
      ],
      "/Users/JiveTurkey/turing/3module/projects/sweater_weather/app/controllers/api/v1/forecast_controller.rb": [
        1,
        1,
        1,
        null,
        null,
        1,
        1,
        1,
        null,
        null
      ],
      "/Users/JiveTurkey/turing/3module/projects/sweater_weather/app/controllers/application_controller.rb": [
        1,
        null
      ],
      "/Users/JiveTurkey/turing/3module/projects/sweater_weather/app/models/forecast.rb": [
        1,
        1,
        1,
        1,
        null,
        null,
        1,
        1,
        null,
        null,
        1,
        1,
        null,
        null,
        1,
        1,
        null,
        null,
        1,
        1,
        null,
        null,
        1,
        1,
        3,
        8,
        null,
        null,
        null,
        1,
        3,
        null,
        null,
        1,
        1,
        null,
        null
      ],
      "/Users/JiveTurkey/turing/3module/projects/sweater_weather/app/serializers/forecast_serializer.rb": [
        1,
        1,
        null
      ],
      "/Users/JiveTurkey/turing/3module/projects/sweater_weather/app/mailers/application_mailer.rb": [
        0,
        0,
        0,
        0
      ],
      "/Users/JiveTurkey/turing/3module/projects/sweater_weather/app/models/application_record.rb": [
        0,
        0,
        0
      ],
      "/Users/JiveTurkey/turing/3module/projects/sweater_weather/app/jobs/application_job.rb": [
        0,
        0
      ],
      "/Users/JiveTurkey/turing/3module/projects/sweater_weather/app/channels/application_cable/connection.rb": [
        0,
        0,
        0,
        0
      ],
      "/Users/JiveTurkey/turing/3module/projects/sweater_weather/app/channels/application_cable/channel.rb": [
        0,
        0,
        0,
        0
      ]
    },
    "timestamp": 1541462795
  }
}
